<?xml version="1.0" encoding="UTF-8"?>
<!-- Generated by org.testng.reporters.JUnitReportReporter -->
<testsuite skipped="0" hostname="FULL609-PRO.local" name="com.framework.testcase.LoginTest" tests="1" failures="0" timestamp="07 Nov 2020 11:09:17 GMT" time="8.279" errors="0">
  <testcase name="validLoginTest" time="8.279" classname="com.framework.testcase.LoginTest"/>
</testsuite> <!-- com.framework.testcase.LoginTest -->
