<?xml version="1.0" encoding="UTF-8"?>
<!-- Generated by org.testng.reporters.JUnitReportReporter -->
<testsuite skipped="1" hostname="FULL609-PRO.local" name="runner.TestRunner2" tests="1" failures="0" timestamp="07 Nov 2020 11:23:59 GMT" time="0.000" errors="0">
  <testcase name="feature" time="0.000" classname="runner.TestRunner2">
    <skipped/>
  </testcase> <!-- feature -->
</testsuite> <!-- runner.TestRunner2 -->
