<?xml version="1.0" encoding="UTF-8"?>
<!-- Generated by org.testng.reporters.JUnitReportReporter -->
<testsuite skipped="0" hostname="FULL609-PRO.local" name="com.framework.testcase.AddToCartTest" tests="1" failures="0" timestamp="07 Nov 2020 11:09:17 GMT" time="5.749" errors="0">
  <testcase name="addToCartTest" time="5.749" classname="com.framework.testcase.AddToCartTest"/>
</testsuite> <!-- com.framework.testcase.AddToCartTest -->
