<?xml version="1.0" encoding="UTF-8"?>
<!-- Generated by org.testng.reporters.JUnitReportReporter -->
<testsuite skipped="0" hostname="FULL609-PRO.local" name="com.framework.testcase.AddToCartTest" tests="2" failures="0" timestamp="07 Nov 2020 10:31:30 GMT" time="8.187" errors="0">
  <testcase name="addToCartTest" time="3.784" classname="com.framework.testcase.AddToCartTest"/>
  <testcase name="addTwoItemAndCheckout" time="4.403" classname="com.framework.testcase.AddToCartTest"/>
</testsuite> <!-- com.framework.testcase.AddToCartTest -->
