<?xml version="1.0" encoding="UTF-8"?>
<!-- Generated by org.testng.reporters.JUnitReportReporter -->
<testsuite skipped="0" hostname="FULL609-PRO.local" name="com.framework.testcase.LoginTest" tests="2" failures="0" timestamp="11 Nov 2020 01:53:43 GMT" time="7.575" errors="0">
  <testcase name="validLoginTest" time="5.555" classname="com.framework.testcase.LoginTest"/>
  <testcase name="checkErrorMessage" time="2.020" classname="com.framework.testcase.LoginTest"/>
</testsuite> <!-- com.framework.testcase.LoginTest -->
