<?xml version="1.0" encoding="UTF-8"?>
<!-- Generated by org.testng.reporters.JUnitReportReporter -->
<testsuite skipped="0" hostname="FULL609-PRO.local" name="com.framework.testcase.AddToCartTest" tests="2" failures="0" timestamp="11 Nov 2020 01:53:43 GMT" time="9.618" errors="0">
  <testcase name="addTwoItemAndCheckout" time="3.837" classname="com.framework.testcase.AddToCartTest"/>
  <testcase name="addToCartTest" time="5.781" classname="com.framework.testcase.AddToCartTest"/>
</testsuite> <!-- com.framework.testcase.AddToCartTest -->
