<?xml version="1.0" encoding="UTF-8"?>
<!-- Generated by org.testng.reporters.JUnitReportReporter -->
<testsuite skipped="0" hostname="FULL609-PRO.local" name="runner.TestRunner" tests="1" failures="0" timestamp="07 Nov 2020 11:27:43 GMT" time="13.567" errors="0">
  <testcase name="feature" time="13.567" classname="runner.TestRunner"/>
</testsuite> <!-- runner.TestRunner -->
