<?xml version="1.0" encoding="UTF-8"?>
<!-- Generated by org.testng.reporters.JUnitReportReporter -->
<testsuite skipped="0" hostname="FULL609-PRO.local" name="com.framework.testcase.LoginTest" tests="2" failures="0" timestamp="07 Nov 2020 10:31:30 GMT" time="13.119" errors="0">
  <testcase name="checkErrorMessage" time="2.673" classname="com.framework.testcase.LoginTest"/>
  <testcase name="validLoginTest" time="10.446" classname="com.framework.testcase.LoginTest"/>
</testsuite> <!-- com.framework.testcase.LoginTest -->
